# JRE version: OpenJDK Runtime Environment Temurin-17.0.17+10 (17.0.17+10) (build 17.0.17+10)
# Java VM: OpenJDK 64-Bit Server VM Temurin-17.0.17+10 (17.0.17+10, mixed mode, sharing, tiered, compressed oops, compressed class ptrs, g1 gc, windows-amd64)
GC Precious Log:
 CPUs: 8 total, 8 available
 Memory: 14237M
 Large Page Support: Disabled
 NUMA Support: Disabled
 Compressed Oops: Enabled (Zero based)
 Heap Region Size: 2M
 Heap Min Capacity: 8M
 Heap Initial Capacity: 224M
 Heap Max Capacity: 3560M
 Pre-touch: Disabled
 Parallel Workers: 8
 Concurrent Workers: 2
 Concurrent Refinement Workers: 8
 Periodic GC: Disabled
Heap:
 garbage-first heap   total 229376K, used 94208K [0x0000000721800000, 0x0000000800000000)
  region size 2048K, 3 young (6144K), 3 survivors (6144K)
 Metaspace       used 48319K, committed 48640K, reserved 1114112K
  class space    used 5585K, committed 5760K, reserved 1048576K
GC Heap History (20 events):
Event: 11.929 GC heap after
{Heap after GC invocations=11 (full 0):
 garbage-first heap   total 112640K, used 49152K [0x0000000721800000, 0x0000000800000000)
  region size 2048K, 3 young (6144K), 3 survivors (6144K)
 Metaspace       used 39296K, committed 39616K, reserved 1114112K
  class space    used 4700K, committed 4864K, reserved 1048576K
}
Event: 14.681 GC heap before
{Heap before GC invocations=11 (full 0):
 garbage-first heap   total 112640K, used 79872K [0x0000000721800000, 0x0000000800000000)
  region size 2048K, 19 young (38912K), 3 survivors (6144K)
 Metaspace       used 43835K, committed 44160K, reserved 1114112K
  class space    used 5219K, committed 5376K, reserved 1048576K
}
Event: 14.734 GC heap after
{Heap after GC invocations=12 (full 0):
 garbage-first heap   total 112640K, used 54177K [0x0000000721800000, 0x0000000800000000)
  region size 2048K, 3 young (6144K), 3 survivors (6144K)
 Metaspace       used 43835K, committed 44160K, reserved 1114112K
  class space    used 5219K, committed 5376K, reserved 1048576K
}
Event: 16.861 GC heap before
{Heap before GC invocations=12 (full 0):
 garbage-first heap   total 112640K, used 80801K [0x0000000721800000, 0x0000000800000000)
  region size 2048K, 16 young (32768K), 3 survivors (6144K)
 Metaspace       used 44982K, committed 45312K, reserved 1114112K
  class space    used 5291K, committed 5440K, reserved 1048576K
}
Event: 16.898 GC heap after
{Heap after GC invocations=13 (full 0):
 garbage-first heap   total 112640K, used 60526K [0x0000000721800000, 0x0000000800000000)
  region size 2048K, 2 young (4096K), 2 survivors (4096K)
 Metaspace       used 44982K, committed 45312K, reserved 1114112K
  class space    used 5291K, committed 5440K, reserved 1048576K
}
Event: 18.435 GC heap before
{Heap before GC invocations=14 (full 0):
 garbage-first heap   total 112640K, used 85102K [0x0000000721800000, 0x0000000800000000)
  region size 2048K, 14 young (28672K), 2 survivors (4096K)
 Metaspace       used 45749K, committed 46016K, reserved 1114112K
  class space    used 5375K, committed 5504K, reserved 1048576K
}
Event: 18.472 GC heap after
{Heap after GC invocations=15 (full 0):
 garbage-first heap   total 112640K, used 67584K [0x0000000721800000, 0x0000000800000000)
  region size 2048K, 2 young (4096K), 2 survivors (4096K)
 Metaspace       used 45749K, committed 46016K, reserved 1114112K
  class space    used 5375K, committed 5504K, reserved 1048576K
}
Event: 19.545 GC heap before
{Heap before GC invocations=15 (full 0):
 garbage-first heap   total 112640K, used 86016K [0x0000000721800000, 0x0000000800000000)
  region size 2048K, 11 young (22528K), 2 survivors (4096K)
 Metaspace       used 46177K, committed 46400K, reserved 1114112K
  class space    used 5389K, committed 5504K, reserved 1048576K
}
Event: 19.579 GC heap after
{Heap after GC invocations=16 (full 0):
 garbage-first heap   total 135168K, used 73539K [0x0000000721800000, 0x0000000800000000)
  region size 2048K, 2 young (4096K), 2 survivors (4096K)
 Metaspace       used 46177K, committed 46400K, reserved 1114112K
  class space    used 5389K, committed 5504K, reserved 1048576K
}
Event: 20.734 GC heap before
{Heap before GC invocations=17 (full 0):
 garbage-first heap   total 135168K, used 100163K [0x0000000721800000, 0x0000000800000000)
  region size 2048K, 15 young (30720K), 2 survivors (4096K)
 Metaspace       used 47360K, committed 47616K, reserved 1114112K
  class space    used 5502K, committed 5632K, reserved 1048576K
}
Event: 20.759 GC heap after
{Heap after GC invocations=18 (full 0):
 garbage-first heap   total 135168K, used 78937K [0x0000000721800000, 0x0000000800000000)
  region size 2048K, 2 young (4096K), 2 survivors (4096K)
 Metaspace       used 47360K, committed 47616K, reserved 1114112K
  class space    used 5502K, committed 5632K, reserved 1048576K
}
Event: 20.845 GC heap before
{Heap before GC invocations=18 (full 0):
 garbage-first heap   total 135168K, used 80985K [0x0000000721800000, 0x0000000800000000)
  region size 2048K, 3 young (6144K), 2 survivors (4096K)
 Metaspace       used 47418K, committed 47680K, reserved 1114112K
  class space    used 5509K, committed 5632K, reserved 1048576K
}
Event: 20.860 GC heap after
{Heap after GC invocations=19 (full 0):
 garbage-first heap   total 135168K, used 79321K [0x0000000721800000, 0x0000000800000000)
  region size 2048K, 1 young (2048K), 1 survivors (2048K)
 Metaspace       used 47418K, committed 47680K, reserved 1114112K
  class space    used 5509K, committed 5632K, reserved 1048576K
}
Event: 21.932 GC heap before
{Heap before GC invocations=19 (full 0):
 garbage-first heap   total 135168K, used 101849K [0x0000000721800000, 0x0000000800000000)
  region size 2048K, 12 young (24576K), 1 survivors (2048K)
 Metaspace       used 47693K, committed 48000K, reserved 1114112K
  class space    used 5522K, committed 5632K, reserved 1048576K
}
Event: 21.944 GC heap after
{Heap after GC invocations=20 (full 0):
 garbage-first heap   total 135168K, used 83650K [0x0000000721800000, 0x0000000800000000)
  region size 2048K, 2 young (4096K), 2 survivors (4096K)
 Metaspace       used 47693K, committed 48000K, reserved 1114112K
  class space    used 5522K, committed 5632K, reserved 1048576K
}
Event: 22.650 GC heap before
{Heap before GC invocations=21 (full 0):
 garbage-first heap   total 167936K, used 106178K [0x0000000721800000, 0x0000000800000000)
  region size 2048K, 13 young (26624K), 2 survivors (4096K)
 Metaspace       used 47865K, committed 48192K, reserved 1114112K
  class space    used 5545K, committed 5696K, reserved 1048576K
}
Event: 22.673 GC heap after
{Heap after GC invocations=22 (full 0):
 garbage-first heap   total 167936K, used 87918K [0x0000000721800000, 0x0000000800000000)
  region size 2048K, 2 young (4096K), 2 survivors (4096K)
 Metaspace       used 47865K, committed 48192K, reserved 1114112K
  class space    used 5545K, committed 5696K, reserved 1048576K
}
Event: 22.814 GC heap before
{Heap before GC invocations=22 (full 0):
 garbage-first heap   total 167936K, used 92014K [0x0000000721800000, 0x0000000800000000)
  region size 2048K, 4 young (8192K), 2 survivors (4096K)
 Metaspace       used 47899K, committed 48256K, reserved 1114112K
  class space    used 5546K, committed 5696K, reserved 1048576K
}
Event: 22.830 GC heap after
{Heap after GC invocations=23 (full 0):
 garbage-first heap   total 167936K, used 88466K [0x0000000721800000, 0x0000000800000000)
  region size 2048K, 1 young (2048K), 1 survivors (2048K)
 Metaspace       used 47899K, committed 48256K, reserved 1114112K
  class space    used 5546K, committed 5696K, reserved 1048576K
}
Event: 23.810 GC heap before
{Heap before GC invocations=23 (full 0):
 garbage-first heap   total 167936K, used 125330K [0x0000000721800000, 0x0000000800000000)
  region size 2048K, 19 young (38912K), 1 survivors (2048K)
 Metaspace       used 48319K, committed 48640K, reserved 1114112K
  class space    used 5585K, committed 5760K, reserved 1048576K
}

